<?xml version="1.0" encoding="UTF-8"?>
<!-- Generated by org.testng.reporters.JUnitXMLReporter -->
<testsuite ignored="0" hostname="Rikmateriya" failures="0" tests="1" name="Test" time="0.052" errors="0" timestamp="2023-08-27T20:21:44 IST">
  <testcase classname="Testcases.TC01" name="@BeforeMethod browserLaunch" time="-1.693147903983E9">
    <failure type="org.testng.TestNGException" message="
Can inject only one of &amp;lt;ITestContext, XmlTest, Method, Object[], ITestResult&amp;gt; into a @BeforeMethod annotated browserLaunch.
For more information on native dependency injection please refer to https://testng.org/doc/documentation-main.html#native-dependency-injection">
      <![CDATA[org.testng.TestNGException: 
Can inject only one of <ITestContext, XmlTest, Method, Object[], ITestResult> into a @BeforeMethod annotated browserLaunch.
For more information on native dependency injection please refer to https://testng.org/doc/documentation-main.html#native-dependency-injection
at java.base/java.util.ArrayList.forEach(ArrayList.java:1511)
... Removed 28 stack frames]]>
    </failure>
  </testcase> <!-- @BeforeMethod browserLaunch -->
  <testcase classname="Testcases.TC01" name="@AfterMethod quite" time="0.0">
    <skipped/>
  </testcase> <!-- @AfterMethod quite -->
  <testcase classname="Testcases.TC01" name="verifyTitle" time="0.0">
    <skipped/>
  </testcase> <!-- verifyTitle -->
</testsuite> <!-- Test -->
