<?xml version="1.0" encoding="UTF-8"?>
<!-- Generated by org.testng.reporters.JUnitXMLReporter -->
<testsuite ignored="11" hostname="Rikmateriya" failures="0" tests="1" name="Test9" time="32.475" errors="0" timestamp="2023-09-04T14:34:03 IST">
  <testcase classname="Testcases.TC02" name="verify_ss_of_Page" time="29.457"/>
  <testcase classname="Testcases.TC02" name="verifymouseHover" time="0.0">
    <ignored/>
  </testcase> <!-- verifymouseHover -->
  <testcase classname="Testcases.TC02" name="verify_adressdetails" time="0.0">
    <ignored/>
  </testcase> <!-- verify_adressdetails -->
  <testcase classname="Testcases.TC02" name="verify_password_Change" time="0.0">
    <ignored/>
  </testcase> <!-- verify_password_Change -->
  <testcase classname="Testcases.TC02" name="verifyInvaliduser" time="0.0">
    <ignored/>
  </testcase> <!-- verifyInvaliduser -->
  <testcase classname="Testcases.TC02" name="verifyTitle" time="0.0">
    <ignored/>
  </testcase> <!-- verifyTitle -->
  <testcase classname="Testcases.TC02" name="Scrolling_All_Pages" time="0.0">
    <ignored/>
  </testcase> <!-- Scrolling_All_Pages -->
  <testcase classname="Testcases.TC02" name="verify_rating_check" time="0.0">
    <ignored/>
  </testcase> <!-- verify_rating_check -->
  <testcase classname="Testcases.TC02" name="verify_searchBox" time="0.0">
    <ignored/>
  </testcase> <!-- verify_searchBox -->
  <testcase classname="Testcases.TC02" name="verify_all_Links_available" time="0.0">
    <ignored/>
  </testcase> <!-- verify_all_Links_available -->
  <testcase classname="Testcases.TC02" name="verifyvaliduser" time="0.0">
    <ignored/>
  </testcase> <!-- verifyvaliduser -->
  <testcase classname="Testcases.TC02" name="verify_featurecheck" time="0.0">
    <ignored/>
  </testcase> <!-- verify_featurecheck -->
</testsuite> <!-- Test9 -->
